<?xml version="1.0" encoding="UTF-8"?>
<testsuite xmlns:xsi="http://www.w3.org/2001/XMLSchema-instance" xsi:noNamespaceSchemaLocation="https://maven.apache.org/surefire/maven-surefire-plugin/xsd/surefire-test-report.xsd" name="testRunner.TestRun" time="74.693" tests="5" errors="0" skipped="0" failures="1">
  <properties>
    <property name="java.specification.version" value="17"/>
    <property name="sun.cpu.isalist" value="amd64"/>
    <property name="sun.jnu.encoding" value="Cp1252"/>
    <property name="java.class.path" value="C:\Users\snasa\eclipse-workspace\cucumber_project\target\test-classes;C:\Users\snasa\eclipse-workspace\cucumber_project\target\classes;C:\Users\snasa\.m2\repository\junit\junit\4.11\junit-4.11.jar;C:\Users\snasa\.m2\repository\org\hamcrest\hamcrest-core\1.3\hamcrest-core-1.3.jar;C:\Users\snasa\.m2\repository\io\cucumber\cucumber-core\7.11.0\cucumber-core-7.11.0.jar;C:\Users\snasa\.m2\repository\io\cucumber\cucumber-gherkin\7.11.0\cucumber-gherkin-7.11.0.jar;C:\Users\snasa\.m2\repository\io\cucumber\cucumber-gherkin-messages\7.11.0\cucumber-gherkin-messages-7.11.0.jar;C:\Users\snasa\.m2\repository\io\cucumber\messages\21.0.1\messages-21.0.1.jar;C:\Users\snasa\.m2\repository\io\cucumber\tag-expressions\5.0.1\tag-expressions-5.0.1.jar;C:\Users\snasa\.m2\repository\io\cucumber\cucumber-expressions\16.1.1\cucumber-expressions-16.1.1.jar;C:\Users\snasa\.m2\repository\io\cucumber\datatable\7.11.0\datatable-7.11.0.jar;C:\Users\snasa\.m2\repository\io\cucumber\cucumber-plugin\7.11.0\cucumber-plugin-7.11.0.jar;C:\Users\snasa\.m2\repository\io\cucumber\docstring\7.11.0\docstring-7.11.0.jar;C:\Users\snasa\.m2\repository\io\cucumber\html-formatter\20.2.1\html-formatter-20.2.1.jar;C:\Users\snasa\.m2\repository\io\cucumber\junit-xml-formatter\0.1.0\junit-xml-formatter-0.1.0.jar;C:\Users\snasa\.m2\repository\io\cucumber\ci-environment\9.1.0\ci-environment-9.1.0.jar;C:\Users\snasa\.m2\repository\org\apiguardian\apiguardian-api\1.1.2\apiguardian-api-1.1.2.jar;C:\Users\snasa\.m2\repository\io\cucumber\cucumber-html\0.2.7\cucumber-html-0.2.7.jar;C:\Users\snasa\.m2\repository\net\sourceforge\cobertura\cobertura\2.1.1\cobertura-2.1.1.jar;C:\Users\snasa\.m2\repository\org\ow2\asm\asm\5.0.1\asm-5.0.1.jar;C:\Users\snasa\.m2\repository\org\ow2\asm\asm-tree\5.0.1\asm-tree-5.0.1.jar;C:\Users\snasa\.m2\repository\org\ow2\asm\asm-commons\5.0.1\asm-commons-5.0.1.jar;C:\Users\snasa\.m2\repository\org\ow2\asm\asm-util\5.0.1\asm-util-5.0.1.jar;C:\Users\snasa\.m2\repository\org\ow2\asm\asm-analysis\5.0.1\asm-analysis-5.0.1.jar;C:\Users\snasa\.m2\repository\oro\oro\2.0.8\oro-2.0.8.jar;C:\Users\snasa\.m2\repository\jaxen\jaxen\1.1.4\jaxen-1.1.4.jar;C:\Users\snasa\.m2\repository\org\apache\ant\ant\1.8.3\ant-1.8.3.jar;C:\Users\snasa\.m2\repository\org\apache\ant\ant-launcher\1.8.3\ant-launcher-1.8.3.jar;C:\Users\snasa\.m2\repository\org\apache\ant\ant-junit\1.8.3\ant-junit-1.8.3.jar;C:\Users\snasa\.m2\repository\org\mortbay\jetty\servlet-api-2.5\6.1.14\servlet-api-2.5-6.1.14.jar;C:\Users\snasa\.m2\repository\org\mortbay\jetty\jetty\6.1.14\jetty-6.1.14.jar;C:\Users\snasa\.m2\repository\org\mortbay\jetty\jetty-util\6.1.14\jetty-util-6.1.14.jar;C:\Users\snasa\.m2\repository\org\slf4j\slf4j-api\1.7.5\slf4j-api-1.7.5.jar;C:\Users\snasa\.m2\repository\ch\qos\logback\logback-classic\1.0.13\logback-classic-1.0.13.jar;C:\Users\snasa\.m2\repository\ch\qos\logback\logback-core\1.0.13\logback-core-1.0.13.jar;C:\Users\snasa\.m2\repository\io\cucumber\cucumber-java\7.11.0\cucumber-java-7.11.0.jar;C:\Users\snasa\.m2\repository\io\cucumber\cucumber-junit\7.11.0\cucumber-junit-7.11.0.jar;C:\Users\snasa\.m2\repository\io\cucumber\cucumber-jvm-deps\1.0.6\cucumber-jvm-deps-1.0.6.jar;C:\Users\snasa\.m2\repository\net\masterthought\cucumber-reporting\5.7.4\cucumber-reporting-5.7.4.jar;C:\Users\snasa\.m2\repository\com\fasterxml\jackson\core\jackson-databind\2.13.2.2\jackson-databind-2.13.2.2.jar;C:\Users\snasa\.m2\repository\com\fasterxml\jackson\core\jackson-annotations\2.13.2\jackson-annotations-2.13.2.jar;C:\Users\snasa\.m2\repository\com\fasterxml\jackson\core\jackson-core\2.13.2\jackson-core-2.13.2.jar;C:\Users\snasa\.m2\repository\com\fasterxml\jackson\datatype\jackson-datatype-jsr310\2.13.2\jackson-datatype-jsr310-2.13.2.jar;C:\Users\snasa\.m2\repository\org\apache\velocity\velocity-engine-core\2.3\velocity-engine-core-2.3.jar;C:\Users\snasa\.m2\repository\org\apache\commons\commons-collections4\4.4\commons-collections4-4.4.jar;C:\Users\snasa\.m2\repository\joda-time\joda-time\2.10.14\joda-time-2.10.14.jar;C:\Users\snasa\.m2\repository\commons-io\commons-io\2.7\commons-io-2.7.jar;C:\Users\snasa\.m2\repository\org\codehaus\plexus\plexus-utils\3.4.2\plexus-utils-3.4.2.jar;C:\Users\snasa\.m2\repository\org\jsoup\jsoup\1.15.3\jsoup-1.15.3.jar;C:\Users\snasa\.m2\repository\com\google\guava\guava\31.1-jre\guava-31.1-jre.jar;C:\Users\snasa\.m2\repository\com\google\guava\failureaccess\1.0.1\failureaccess-1.0.1.jar;C:\Users\snasa\.m2\repository\com\google\guava\listenablefuture\9999.0-empty-to-avoid-conflict-with-guava\listenablefuture-9999.0-empty-to-avoid-conflict-with-guava.jar;C:\Users\snasa\.m2\repository\com\google\code\findbugs\jsr305\3.0.2\jsr305-3.0.2.jar;C:\Users\snasa\.m2\repository\org\checkerframework\checker-qual\3.12.0\checker-qual-3.12.0.jar;C:\Users\snasa\.m2\repository\com\google\errorprone\error_prone_annotations\2.11.0\error_prone_annotations-2.11.0.jar;C:\Users\snasa\.m2\repository\com\google\j2objc\j2objc-annotations\1.3\j2objc-annotations-1.3.jar;C:\Users\snasa\.m2\repository\com\googlecode\owasp-java-html-sanitizer\owasp-java-html-sanitizer\20211018.2\owasp-java-html-sanitizer-20211018.2.jar;C:\Users\snasa\.m2\repository\commons-configuration\commons-configuration\1.10\commons-configuration-1.10.jar;C:\Users\snasa\.m2\repository\commons-lang\commons-lang\2.6\commons-lang-2.6.jar;C:\Users\snasa\.m2\repository\commons-logging\commons-logging\1.1.1\commons-logging-1.1.1.jar;C:\Users\snasa\.m2\repository\org\hamcrest\hamcrest\2.2\hamcrest-2.2.jar;C:\Users\snasa\.m2\repository\io\cucumber\gherkin\26.0.2\gherkin-26.0.2.jar;C:\Users\snasa\.m2\repository\org\seleniumhq\selenium\selenium-java\4.7.2\selenium-java-4.7.2.jar;C:\Users\snasa\.m2\repository\org\seleniumhq\selenium\selenium-api\4.7.2\selenium-api-4.7.2.jar;C:\Users\snasa\.m2\repository\org\seleniumhq\selenium\selenium-chrome-driver\4.7.2\selenium-chrome-driver-4.7.2.jar;C:\Users\snasa\.m2\repository\com\google\auto\service\auto-service-annotations\1.0.1\auto-service-annotations-1.0.1.jar;C:\Users\snasa\.m2\repository\com\google\auto\service\auto-service\1.0.1\auto-service-1.0.1.jar;C:\Users\snasa\.m2\repository\com\google\auto\auto-common\1.2\auto-common-1.2.jar;C:\Users\snasa\.m2\repository\org\seleniumhq\selenium\selenium-chromium-driver\4.7.2\selenium-chromium-driver-4.7.2.jar;C:\Users\snasa\.m2\repository\org\seleniumhq\selenium\selenium-json\4.7.2\selenium-json-4.7.2.jar;C:\Users\snasa\.m2\repository\org\seleniumhq\selenium\selenium-devtools-v106\4.7.2\selenium-devtools-v106-4.7.2.jar;C:\Users\snasa\.m2\repository\org\seleniumhq\selenium\selenium-devtools-v107\4.7.2\selenium-devtools-v107-4.7.2.jar;C:\Users\snasa\.m2\repository\org\seleniumhq\selenium\selenium-devtools-v108\4.7.2\selenium-devtools-v108-4.7.2.jar;C:\Users\snasa\.m2\repository\org\seleniumhq\selenium\selenium-devtools-v85\4.7.2\selenium-devtools-v85-4.7.2.jar;C:\Users\snasa\.m2\repository\org\seleniumhq\selenium\selenium-edge-driver\4.7.2\selenium-edge-driver-4.7.2.jar;C:\Users\snasa\.m2\repository\org\seleniumhq\selenium\selenium-firefox-driver\4.7.2\selenium-firefox-driver-4.7.2.jar;C:\Users\snasa\.m2\repository\org\seleniumhq\selenium\selenium-http\4.7.2\selenium-http-4.7.2.jar;C:\Users\snasa\.m2\repository\dev\failsafe\failsafe\3.3.0\failsafe-3.3.0.jar;C:\Users\snasa\.m2\repository\org\seleniumhq\selenium\selenium-ie-driver\4.7.2\selenium-ie-driver-4.7.2.jar;C:\Users\snasa\.m2\repository\org\seleniumhq\selenium\selenium-remote-driver\4.7.2\selenium-remote-driver-4.7.2.jar;C:\Users\snasa\.m2\repository\com\beust\jcommander\1.82\jcommander-1.82.jar;C:\Users\snasa\.m2\repository\io\netty\netty-buffer\4.1.84.Final\netty-buffer-4.1.84.Final.jar;C:\Users\snasa\.m2\repository\io\netty\netty-codec-http\4.1.84.Final\netty-codec-http-4.1.84.Final.jar;C:\Users\snasa\.m2\repository\io\netty\netty-codec\4.1.84.Final\netty-codec-4.1.84.Final.jar;C:\Users\snasa\.m2\repository\io\netty\netty-handler\4.1.84.Final\netty-handler-4.1.84.Final.jar;C:\Users\snasa\.m2\repository\io\netty\netty-common\4.1.84.Final\netty-common-4.1.84.Final.jar;C:\Users\snasa\.m2\repository\io\netty\netty-transport-classes-epoll\4.1.84.Final\netty-transport-classes-epoll-4.1.84.Final.jar;C:\Users\snasa\.m2\repository\io\netty\netty-transport-classes-kqueue\4.1.84.Final\netty-transport-classes-kqueue-4.1.84.Final.jar;C:\Users\snasa\.m2\repository\io\netty\netty-transport-native-epoll\4.1.84.Final\netty-transport-native-epoll-4.1.84.Final.jar;C:\Users\snasa\.m2\repository\io\netty\netty-transport-native-kqueue\4.1.84.Final\netty-transport-native-kqueue-4.1.84.Final.jar;C:\Users\snasa\.m2\repository\io\netty\netty-transport-native-unix-common\4.1.84.Final\netty-transport-native-unix-common-4.1.84.Final.jar;C:\Users\snasa\.m2\repository\io\netty\netty-transport\4.1.84.Final\netty-transport-4.1.84.Final.jar;C:\Users\snasa\.m2\repository\io\netty\netty-resolver\4.1.84.Final\netty-resolver-4.1.84.Final.jar;C:\Users\snasa\.m2\repository\io\opentelemetry\opentelemetry-api\1.19.0\opentelemetry-api-1.19.0.jar;C:\Users\snasa\.m2\repository\io\opentelemetry\opentelemetry-context\1.19.0\opentelemetry-context-1.19.0.jar;C:\Users\snasa\.m2\repository\io\opentelemetry\opentelemetry-exporter-logging\1.19.0\opentelemetry-exporter-logging-1.19.0.jar;C:\Users\snasa\.m2\repository\io\opentelemetry\opentelemetry-sdk-metrics\1.19.0\opentelemetry-sdk-metrics-1.19.0.jar;C:\Users\snasa\.m2\repository\io\opentelemetry\opentelemetry-sdk-logs\1.19.0-alpha\opentelemetry-sdk-logs-1.19.0-alpha.jar;C:\Users\snasa\.m2\repository\io\opentelemetry\opentelemetry-api-logs\1.19.0-alpha\opentelemetry-api-logs-1.19.0-alpha.jar;C:\Users\snasa\.m2\repository\io\opentelemetry\opentelemetry-sdk-common\1.19.0\opentelemetry-sdk-common-1.19.0.jar;C:\Users\snasa\.m2\repository\io\opentelemetry\opentelemetry-sdk-extension-autoconfigure-spi\1.19.0\opentelemetry-sdk-extension-autoconfigure-spi-1.19.0.jar;C:\Users\snasa\.m2\repository\io\opentelemetry\opentelemetry-sdk-extension-autoconfigure\1.19.0-alpha\opentelemetry-sdk-extension-autoconfigure-1.19.0-alpha.jar;C:\Users\snasa\.m2\repository\io\opentelemetry\opentelemetry-exporter-common\1.19.0\opentelemetry-exporter-common-1.19.0.jar;C:\Users\snasa\.m2\repository\io\opentelemetry\opentelemetry-sdk-trace\1.19.0\opentelemetry-sdk-trace-1.19.0.jar;C:\Users\snasa\.m2\repository\io\opentelemetry\opentelemetry-sdk\1.19.0\opentelemetry-sdk-1.19.0.jar;C:\Users\snasa\.m2\repository\io\opentelemetry\opentelemetry-semconv\1.19.0-alpha\opentelemetry-semconv-1.19.0-alpha.jar;C:\Users\snasa\.m2\repository\io\ous\jtoml\2.0.0\jtoml-2.0.0.jar;C:\Users\snasa\.m2\repository\net\bytebuddy\byte-buddy\1.12.18\byte-buddy-1.12.18.jar;C:\Users\snasa\.m2\repository\org\apache\commons\commons-exec\1.3\commons-exec-1.3.jar;C:\Users\snasa\.m2\repository\org\asynchttpclient\async-http-client\2.12.3\async-http-client-2.12.3.jar;C:\Users\snasa\.m2\repository\org\asynchttpclient\async-http-client-netty-utils\2.12.3\async-http-client-netty-utils-2.12.3.jar;C:\Users\snasa\.m2\repository\io\netty\netty-codec-socks\4.1.60.Final\netty-codec-socks-4.1.60.Final.jar;C:\Users\snasa\.m2\repository\io\netty\netty-handler-proxy\4.1.60.Final\netty-handler-proxy-4.1.60.Final.jar;C:\Users\snasa\.m2\repository\io\netty\netty-transport-native-epoll\4.1.60.Final\netty-transport-native-epoll-4.1.60.Final-linux-x86_64.jar;C:\Users\snasa\.m2\repository\io\netty\netty-transport-native-kqueue\4.1.60.Final\netty-transport-native-kqueue-4.1.60.Final-osx-x86_64.jar;C:\Users\snasa\.m2\repository\org\reactivestreams\reactive-streams\1.0.3\reactive-streams-1.0.3.jar;C:\Users\snasa\.m2\repository\com\typesafe\netty\netty-reactive-streams\2.0.4\netty-reactive-streams-2.0.4.jar;C:\Users\snasa\.m2\repository\com\sun\activation\jakarta.activation\1.2.2\jakarta.activation-1.2.2.jar;C:\Users\snasa\.m2\repository\org\seleniumhq\selenium\selenium-manager\4.7.2\selenium-manager-4.7.2.jar;C:\Users\snasa\.m2\repository\org\seleniumhq\selenium\selenium-safari-driver\4.7.2\selenium-safari-driver-4.7.2.jar;C:\Users\snasa\.m2\repository\org\seleniumhq\selenium\selenium-support\4.7.2\selenium-support-4.7.2.jar;C:\Program Files\Java\jdk-17\lib\tools-1.8.0.jar;C:\Users\snasa\.m2\repository\org\apache\commons\commons-lang3\3.12.0\commons-lang3-3.12.0.jar;C:\Users\snasa\.m2\repository\ch\qos\reload4j\reload4j\1.2.22\reload4j-1.2.22.jar;C:\Users\snasa\.m2\repository\org\apache\logging\log4j\log4j-core\2.19.0\log4j-core-2.19.0.jar;C:\Users\snasa\.m2\repository\org\apache\logging\log4j\log4j-api\2.19.0\log4j-api-2.19.0.jar;"/>
    <property name="java.vm.vendor" value="Oracle Corporation"/>
    <property name="sun.arch.data.model" value="64"/>
    <property name="user.variant" value=""/>
    <property name="java.vendor.url" value="https://java.oracle.com/"/>
    <property name="user.timezone" value="Asia/Calcutta"/>
    <property name="os.name" value="Windows 10"/>
    <property name="java.vm.specification.version" value="17"/>
    <property name="sun.java.launcher" value="SUN_STANDARD"/>
    <property name="user.country" value="US"/>
    <property name="sun.boot.library.path" value="C:\Program Files\Java\jdk-17\bin"/>
    <property name="sun.java.command" value="C:\Users\snasa\AppData\Local\Temp\surefire9939994109403645207\surefirebooter14944394210551910295.jar C:\Users\snasa\AppData\Local\Temp\surefire9939994109403645207 2023-02-17T01-56-34_721-jvmRun1 surefire4404558555583377806tmp surefire_018168333256919880582tmp"/>
    <property name="jdk.debug" value="release"/>
    <property name="surefire.test.class.path" value="C:\Users\snasa\eclipse-workspace\cucumber_project\target\test-classes;C:\Users\snasa\eclipse-workspace\cucumber_project\target\classes;C:\Users\snasa\.m2\repository\junit\junit\4.11\junit-4.11.jar;C:\Users\snasa\.m2\repository\org\hamcrest\hamcrest-core\1.3\hamcrest-core-1.3.jar;C:\Users\snasa\.m2\repository\io\cucumber\cucumber-core\7.11.0\cucumber-core-7.11.0.jar;C:\Users\snasa\.m2\repository\io\cucumber\cucumber-gherkin\7.11.0\cucumber-gherkin-7.11.0.jar;C:\Users\snasa\.m2\repository\io\cucumber\cucumber-gherkin-messages\7.11.0\cucumber-gherkin-messages-7.11.0.jar;C:\Users\snasa\.m2\repository\io\cucumber\messages\21.0.1\messages-21.0.1.jar;C:\Users\snasa\.m2\repository\io\cucumber\tag-expressions\5.0.1\tag-expressions-5.0.1.jar;C:\Users\snasa\.m2\repository\io\cucumber\cucumber-expressions\16.1.1\cucumber-expressions-16.1.1.jar;C:\Users\snasa\.m2\repository\io\cucumber\datatable\7.11.0\datatable-7.11.0.jar;C:\Users\snasa\.m2\repository\io\cucumber\cucumber-plugin\7.11.0\cucumber-plugin-7.11.0.jar;C:\Users\snasa\.m2\repository\io\cucumber\docstring\7.11.0\docstring-7.11.0.jar;C:\Users\snasa\.m2\repository\io\cucumber\html-formatter\20.2.1\html-formatter-20.2.1.jar;C:\Users\snasa\.m2\repository\io\cucumber\junit-xml-formatter\0.1.0\junit-xml-formatter-0.1.0.jar;C:\Users\snasa\.m2\repository\io\cucumber\ci-environment\9.1.0\ci-environment-9.1.0.jar;C:\Users\snasa\.m2\repository\org\apiguardian\apiguardian-api\1.1.2\apiguardian-api-1.1.2.jar;C:\Users\snasa\.m2\repository\io\cucumber\cucumber-html\0.2.7\cucumber-html-0.2.7.jar;C:\Users\snasa\.m2\repository\net\sourceforge\cobertura\cobertura\2.1.1\cobertura-2.1.1.jar;C:\Users\snasa\.m2\repository\org\ow2\asm\asm\5.0.1\asm-5.0.1.jar;C:\Users\snasa\.m2\repository\org\ow2\asm\asm-tree\5.0.1\asm-tree-5.0.1.jar;C:\Users\snasa\.m2\repository\org\ow2\asm\asm-commons\5.0.1\asm-commons-5.0.1.jar;C:\Users\snasa\.m2\repository\org\ow2\asm\asm-util\5.0.1\asm-util-5.0.1.jar;C:\Users\snasa\.m2\repository\org\ow2\asm\asm-analysis\5.0.1\asm-analysis-5.0.1.jar;C:\Users\snasa\.m2\repository\oro\oro\2.0.8\oro-2.0.8.jar;C:\Users\snasa\.m2\repository\jaxen\jaxen\1.1.4\jaxen-1.1.4.jar;C:\Users\snasa\.m2\repository\org\apache\ant\ant\1.8.3\ant-1.8.3.jar;C:\Users\snasa\.m2\repository\org\apache\ant\ant-launcher\1.8.3\ant-launcher-1.8.3.jar;C:\Users\snasa\.m2\repository\org\apache\ant\ant-junit\1.8.3\ant-junit-1.8.3.jar;C:\Users\snasa\.m2\repository\org\mortbay\jetty\servlet-api-2.5\6.1.14\servlet-api-2.5-6.1.14.jar;C:\Users\snasa\.m2\repository\org\mortbay\jetty\jetty\6.1.14\jetty-6.1.14.jar;C:\Users\snasa\.m2\repository\org\mortbay\jetty\jetty-util\6.1.14\jetty-util-6.1.14.jar;C:\Users\snasa\.m2\repository\org\slf4j\slf4j-api\1.7.5\slf4j-api-1.7.5.jar;C:\Users\snasa\.m2\repository\ch\qos\logback\logback-classic\1.0.13\logback-classic-1.0.13.jar;C:\Users\snasa\.m2\repository\ch\qos\logback\logback-core\1.0.13\logback-core-1.0.13.jar;C:\Users\snasa\.m2\repository\io\cucumber\cucumber-java\7.11.0\cucumber-java-7.11.0.jar;C:\Users\snasa\.m2\repository\io\cucumber\cucumber-junit\7.11.0\cucumber-junit-7.11.0.jar;C:\Users\snasa\.m2\repository\io\cucumber\cucumber-jvm-deps\1.0.6\cucumber-jvm-deps-1.0.6.jar;C:\Users\snasa\.m2\repository\net\masterthought\cucumber-reporting\5.7.4\cucumber-reporting-5.7.4.jar;C:\Users\snasa\.m2\repository\com\fasterxml\jackson\core\jackson-databind\2.13.2.2\jackson-databind-2.13.2.2.jar;C:\Users\snasa\.m2\repository\com\fasterxml\jackson\core\jackson-annotations\2.13.2\jackson-annotations-2.13.2.jar;C:\Users\snasa\.m2\repository\com\fasterxml\jackson\core\jackson-core\2.13.2\jackson-core-2.13.2.jar;C:\Users\snasa\.m2\repository\com\fasterxml\jackson\datatype\jackson-datatype-jsr310\2.13.2\jackson-datatype-jsr310-2.13.2.jar;C:\Users\snasa\.m2\repository\org\apache\velocity\velocity-engine-core\2.3\velocity-engine-core-2.3.jar;C:\Users\snasa\.m2\repository\org\apache\commons\commons-collections4\4.4\commons-collections4-4.4.jar;C:\Users\snasa\.m2\repository\joda-time\joda-time\2.10.14\joda-time-2.10.14.jar;C:\Users\snasa\.m2\repository\commons-io\commons-io\2.7\commons-io-2.7.jar;C:\Users\snasa\.m2\repository\org\codehaus\plexus\plexus-utils\3.4.2\plexus-utils-3.4.2.jar;C:\Users\snasa\.m2\repository\org\jsoup\jsoup\1.15.3\jsoup-1.15.3.jar;C:\Users\snasa\.m2\repository\com\google\guava\guava\31.1-jre\guava-31.1-jre.jar;C:\Users\snasa\.m2\repository\com\google\guava\failureaccess\1.0.1\failureaccess-1.0.1.jar;C:\Users\snasa\.m2\repository\com\google\guava\listenablefuture\9999.0-empty-to-avoid-conflict-with-guava\listenablefuture-9999.0-empty-to-avoid-conflict-with-guava.jar;C:\Users\snasa\.m2\repository\com\google\code\findbugs\jsr305\3.0.2\jsr305-3.0.2.jar;C:\Users\snasa\.m2\repository\org\checkerframework\checker-qual\3.12.0\checker-qual-3.12.0.jar;C:\Users\snasa\.m2\repository\com\google\errorprone\error_prone_annotations\2.11.0\error_prone_annotations-2.11.0.jar;C:\Users\snasa\.m2\repository\com\google\j2objc\j2objc-annotations\1.3\j2objc-annotations-1.3.jar;C:\Users\snasa\.m2\repository\com\googlecode\owasp-java-html-sanitizer\owasp-java-html-sanitizer\20211018.2\owasp-java-html-sanitizer-20211018.2.jar;C:\Users\snasa\.m2\repository\commons-configuration\commons-configuration\1.10\commons-configuration-1.10.jar;C:\Users\snasa\.m2\repository\commons-lang\commons-lang\2.6\commons-lang-2.6.jar;C:\Users\snasa\.m2\repository\commons-logging\commons-logging\1.1.1\commons-logging-1.1.1.jar;C:\Users\snasa\.m2\repository\org\hamcrest\hamcrest\2.2\hamcrest-2.2.jar;C:\Users\snasa\.m2\repository\io\cucumber\gherkin\26.0.2\gherkin-26.0.2.jar;C:\Users\snasa\.m2\repository\org\seleniumhq\selenium\selenium-java\4.7.2\selenium-java-4.7.2.jar;C:\Users\snasa\.m2\repository\org\seleniumhq\selenium\selenium-api\4.7.2\selenium-api-4.7.2.jar;C:\Users\snasa\.m2\repository\org\seleniumhq\selenium\selenium-chrome-driver\4.7.2\selenium-chrome-driver-4.7.2.jar;C:\Users\snasa\.m2\repository\com\google\auto\service\auto-service-annotations\1.0.1\auto-service-annotations-1.0.1.jar;C:\Users\snasa\.m2\repository\com\google\auto\service\auto-service\1.0.1\auto-service-1.0.1.jar;C:\Users\snasa\.m2\repository\com\google\auto\auto-common\1.2\auto-common-1.2.jar;C:\Users\snasa\.m2\repository\org\seleniumhq\selenium\selenium-chromium-driver\4.7.2\selenium-chromium-driver-4.7.2.jar;C:\Users\snasa\.m2\repository\org\seleniumhq\selenium\selenium-json\4.7.2\selenium-json-4.7.2.jar;C:\Users\snasa\.m2\repository\org\seleniumhq\selenium\selenium-devtools-v106\4.7.2\selenium-devtools-v106-4.7.2.jar;C:\Users\snasa\.m2\repository\org\seleniumhq\selenium\selenium-devtools-v107\4.7.2\selenium-devtools-v107-4.7.2.jar;C:\Users\snasa\.m2\repository\org\seleniumhq\selenium\selenium-devtools-v108\4.7.2\selenium-devtools-v108-4.7.2.jar;C:\Users\snasa\.m2\repository\org\seleniumhq\selenium\selenium-devtools-v85\4.7.2\selenium-devtools-v85-4.7.2.jar;C:\Users\snasa\.m2\repository\org\seleniumhq\selenium\selenium-edge-driver\4.7.2\selenium-edge-driver-4.7.2.jar;C:\Users\snasa\.m2\repository\org\seleniumhq\selenium\selenium-firefox-driver\4.7.2\selenium-firefox-driver-4.7.2.jar;C:\Users\snasa\.m2\repository\org\seleniumhq\selenium\selenium-http\4.7.2\selenium-http-4.7.2.jar;C:\Users\snasa\.m2\repository\dev\failsafe\failsafe\3.3.0\failsafe-3.3.0.jar;C:\Users\snasa\.m2\repository\org\seleniumhq\selenium\selenium-ie-driver\4.7.2\selenium-ie-driver-4.7.2.jar;C:\Users\snasa\.m2\repository\org\seleniumhq\selenium\selenium-remote-driver\4.7.2\selenium-remote-driver-4.7.2.jar;C:\Users\snasa\.m2\repository\com\beust\jcommander\1.82\jcommander-1.82.jar;C:\Users\snasa\.m2\repository\io\netty\netty-buffer\4.1.84.Final\netty-buffer-4.1.84.Final.jar;C:\Users\snasa\.m2\repository\io\netty\netty-codec-http\4.1.84.Final\netty-codec-http-4.1.84.Final.jar;C:\Users\snasa\.m2\repository\io\netty\netty-codec\4.1.84.Final\netty-codec-4.1.84.Final.jar;C:\Users\snasa\.m2\repository\io\netty\netty-handler\4.1.84.Final\netty-handler-4.1.84.Final.jar;C:\Users\snasa\.m2\repository\io\netty\netty-common\4.1.84.Final\netty-common-4.1.84.Final.jar;C:\Users\snasa\.m2\repository\io\netty\netty-transport-classes-epoll\4.1.84.Final\netty-transport-classes-epoll-4.1.84.Final.jar;C:\Users\snasa\.m2\repository\io\netty\netty-transport-classes-kqueue\4.1.84.Final\netty-transport-classes-kqueue-4.1.84.Final.jar;C:\Users\snasa\.m2\repository\io\netty\netty-transport-native-epoll\4.1.84.Final\netty-transport-native-epoll-4.1.84.Final.jar;C:\Users\snasa\.m2\repository\io\netty\netty-transport-native-kqueue\4.1.84.Final\netty-transport-native-kqueue-4.1.84.Final.jar;C:\Users\snasa\.m2\repository\io\netty\netty-transport-native-unix-common\4.1.84.Final\netty-transport-native-unix-common-4.1.84.Final.jar;C:\Users\snasa\.m2\repository\io\netty\netty-transport\4.1.84.Final\netty-transport-4.1.84.Final.jar;C:\Users\snasa\.m2\repository\io\netty\netty-resolver\4.1.84.Final\netty-resolver-4.1.84.Final.jar;C:\Users\snasa\.m2\repository\io\opentelemetry\opentelemetry-api\1.19.0\opentelemetry-api-1.19.0.jar;C:\Users\snasa\.m2\repository\io\opentelemetry\opentelemetry-context\1.19.0\opentelemetry-context-1.19.0.jar;C:\Users\snasa\.m2\repository\io\opentelemetry\opentelemetry-exporter-logging\1.19.0\opentelemetry-exporter-logging-1.19.0.jar;C:\Users\snasa\.m2\repository\io\opentelemetry\opentelemetry-sdk-metrics\1.19.0\opentelemetry-sdk-metrics-1.19.0.jar;C:\Users\snasa\.m2\repository\io\opentelemetry\opentelemetry-sdk-logs\1.19.0-alpha\opentelemetry-sdk-logs-1.19.0-alpha.jar;C:\Users\snasa\.m2\repository\io\opentelemetry\opentelemetry-api-logs\1.19.0-alpha\opentelemetry-api-logs-1.19.0-alpha.jar;C:\Users\snasa\.m2\repository\io\opentelemetry\opentelemetry-sdk-common\1.19.0\opentelemetry-sdk-common-1.19.0.jar;C:\Users\snasa\.m2\repository\io\opentelemetry\opentelemetry-sdk-extension-autoconfigure-spi\1.19.0\opentelemetry-sdk-extension-autoconfigure-spi-1.19.0.jar;C:\Users\snasa\.m2\repository\io\opentelemetry\opentelemetry-sdk-extension-autoconfigure\1.19.0-alpha\opentelemetry-sdk-extension-autoconfigure-1.19.0-alpha.jar;C:\Users\snasa\.m2\repository\io\opentelemetry\opentelemetry-exporter-common\1.19.0\opentelemetry-exporter-common-1.19.0.jar;C:\Users\snasa\.m2\repository\io\opentelemetry\opentelemetry-sdk-trace\1.19.0\opentelemetry-sdk-trace-1.19.0.jar;C:\Users\snasa\.m2\repository\io\opentelemetry\opentelemetry-sdk\1.19.0\opentelemetry-sdk-1.19.0.jar;C:\Users\snasa\.m2\repository\io\opentelemetry\opentelemetry-semconv\1.19.0-alpha\opentelemetry-semconv-1.19.0-alpha.jar;C:\Users\snasa\.m2\repository\io\ous\jtoml\2.0.0\jtoml-2.0.0.jar;C:\Users\snasa\.m2\repository\net\bytebuddy\byte-buddy\1.12.18\byte-buddy-1.12.18.jar;C:\Users\snasa\.m2\repository\org\apache\commons\commons-exec\1.3\commons-exec-1.3.jar;C:\Users\snasa\.m2\repository\org\asynchttpclient\async-http-client\2.12.3\async-http-client-2.12.3.jar;C:\Users\snasa\.m2\repository\org\asynchttpclient\async-http-client-netty-utils\2.12.3\async-http-client-netty-utils-2.12.3.jar;C:\Users\snasa\.m2\repository\io\netty\netty-codec-socks\4.1.60.Final\netty-codec-socks-4.1.60.Final.jar;C:\Users\snasa\.m2\repository\io\netty\netty-handler-proxy\4.1.60.Final\netty-handler-proxy-4.1.60.Final.jar;C:\Users\snasa\.m2\repository\io\netty\netty-transport-native-epoll\4.1.60.Final\netty-transport-native-epoll-4.1.60.Final-linux-x86_64.jar;C:\Users\snasa\.m2\repository\io\netty\netty-transport-native-kqueue\4.1.60.Final\netty-transport-native-kqueue-4.1.60.Final-osx-x86_64.jar;C:\Users\snasa\.m2\repository\org\reactivestreams\reactive-streams\1.0.3\reactive-streams-1.0.3.jar;C:\Users\snasa\.m2\repository\com\typesafe\netty\netty-reactive-streams\2.0.4\netty-reactive-streams-2.0.4.jar;C:\Users\snasa\.m2\repository\com\sun\activation\jakarta.activation\1.2.2\jakarta.activation-1.2.2.jar;C:\Users\snasa\.m2\repository\org\seleniumhq\selenium\selenium-manager\4.7.2\selenium-manager-4.7.2.jar;C:\Users\snasa\.m2\repository\org\seleniumhq\selenium\selenium-safari-driver\4.7.2\selenium-safari-driver-4.7.2.jar;C:\Users\snasa\.m2\repository\org\seleniumhq\selenium\selenium-support\4.7.2\selenium-support-4.7.2.jar;C:\Program Files\Java\jdk-17\lib\tools-1.8.0.jar;C:\Users\snasa\.m2\repository\org\apache\commons\commons-lang3\3.12.0\commons-lang3-3.12.0.jar;C:\Users\snasa\.m2\repository\ch\qos\reload4j\reload4j\1.2.22\reload4j-1.2.22.jar;C:\Users\snasa\.m2\repository\org\apache\logging\log4j\log4j-core\2.19.0\log4j-core-2.19.0.jar;C:\Users\snasa\.m2\repository\org\apache\logging\log4j\log4j-api\2.19.0\log4j-api-2.19.0.jar;"/>
    <property name="sun.cpu.endian" value="little"/>
    <property name="user.home" value="C:\Users\snasa"/>
    <property name="user.language" value="en"/>
    <property name="java.specification.vendor" value="Oracle Corporation"/>
    <property name="java.version.date" value="2023-01-17"/>
    <property name="java.home" value="C:\Program Files\Java\jdk-17"/>
    <property name="file.separator" value="\"/>
    <property name="basedir" value="C:\Users\snasa\eclipse-workspace\cucumber_project"/>
    <property name="java.vm.compressedOopsMode" value="Zero based"/>
    <property name="line.separator" value="&#10;"/>
    <property name="java.vm.specification.vendor" value="Oracle Corporation"/>
    <property name="java.specification.name" value="Java Platform API Specification"/>
    <property name="surefire.real.class.path" value="C:\Users\snasa\AppData\Local\Temp\surefire9939994109403645207\surefirebooter14944394210551910295.jar"/>
    <property name="user.script" value=""/>
    <property name="sun.management.compiler" value="HotSpot 64-Bit Tiered Compilers"/>
    <property name="java.runtime.version" value="17.0.6+9-LTS-190"/>
    <property name="user.name" value="snasa"/>
    <property name="path.separator" value=";"/>
    <property name="os.version" value="10.0"/>
    <property name="java.runtime.name" value="Java(TM) SE Runtime Environment"/>
    <property name="file.encoding" value="Cp1252"/>
    <property name="java.vm.name" value="Java HotSpot(TM) 64-Bit Server VM"/>
    <property name="localRepository" value="C:\Users\snasa\.m2\repository"/>
    <property name="java.vendor.url.bug" value="https://bugreport.java.com/bugreport/"/>
    <property name="java.io.tmpdir" value="C:\Users\snasa\AppData\Local\Temp\"/>
    <property name="java.version" value="17.0.6"/>
    <property name="user.dir" value="C:\Users\snasa\eclipse-workspace\cucumber_project"/>
    <property name="os.arch" value="amd64"/>
    <property name="java.vm.specification.name" value="Java Virtual Machine Specification"/>
    <property name="sun.os.patch.level" value=""/>
    <property name="native.encoding" value="Cp1252"/>
    <property name="java.library.path" value="C:\Program Files\Java\jdk-17\bin;C:\Windows\Sun\Java\bin;C:\Windows\system32;C:\Windows;C:\Maven_project\apache-maven-3.8.7\/bin;C:\Program Files\Java\jdk-17/bin;C:\Program Files\Java\jdk-17/bin;C:\Program Files\Microsoft\jdk-11.0.17.8-hotspot\bin;C:\Program Files\Microsoft\jdk-17.0.5.8-hotspot\bin;C:\Windows\system32;C:\Windows;C:\Windows\System32\Wbem;C:\Windows\System32\WindowsPowerShell\v1.0\;C:\Windows\System32\OpenSSH\;C:\Program Files\Microsoft SQL Server\Client SDK\ODBC\170\Tools\Binn\;C:\Program Files (x86)\Microsoft SQL Server\150\Tools\Binn\;C:\Program Files\Microsoft SQL Server\150\Tools\Binn\;C:\Program Files\Microsoft SQL Server\150\DTS\Binn\;C:\Program Files (x86)\Microsoft SQL Server\150\DTS\Binn\;C:\Program Files\Azure Data Studio\bin;C:\Program Files\dotnet\;C:\Windows\CCM;C:\Program Files\nodejs\;C:\Program Files\PuTTY\;C:\Maven_project\apache-maven-3.8.7\bin;C:\Program Files\Java\jdk-17\bin;C:\Users\snasa\AppData\Local\Microsoft\WindowsApps;;C:\Program Files\JetBrains\IntelliJ IDEA Community Edition 2022.2.3\bin;;C:\Users\snasa\AppData\Local\Programs\Microsoft VS Code\bin;C:\Users\snasa\AppData\Roaming\npm;C:\Users\snasa\.dotnet\tools;."/>
    <property name="java.vm.info" value="mixed mode, sharing"/>
    <property name="java.vendor" value="Oracle Corporation"/>
    <property name="java.vm.version" value="17.0.6+9-LTS-190"/>
    <property name="sun.io.unicode.encoding" value="UnicodeLittle"/>
    <property name="java.class.version" value="61.0"/>
  </properties>
  <testcase name="Add a new Customer" classname="Customers" time="25.395"/>
  <testcase name="Search a customer by email id" classname="Customers" time="14.998"/>
  <testcase name="Search customer by Name" classname="Customers" time="15.867"/>
  <testcase name="Successful login with valid credentials #1" classname="Login" time="13.633"/>
  <testcase name="Successful login with valid credentials #2" classname="Login" time="4.35">
    <failure type="java.lang.AssertionError">java.lang.AssertionError
</failure>
    <system-out><![CDATA[
@sanity
Scenario Outline: Successful login with valid credentials                   # Features/Login.feature:17
[DEBUG] Using new Channel '[id: 0xd25cd88b, L:/127.0.0.1:61411 - R:localhost/127.0.0.1:25257]' for 'POST' to '/session'
[DEBUG] 

Request DefaultHttpRequest(decodeResult: success, version: HTTP/1.1)
POST /session HTTP/1.1
User-Agent: selenium/4.7.2 (java windows)
Content-Length: 365
Content-Type: application/json; charset=utf-8
host: localhost:25257
accept: */*

Response DefaultHttpResponse(decodeResult: success, version: HTTP/1.1)
HTTP/1.1 200 OK
Content-Type: application/json; charset=utf-8
cache-control: no-cache
content-length: 790

[DEBUG] Adding key: http://localhost:25257 for channel [id: 0xd25cd88b, L:/127.0.0.1:61411 - R:localhost/127.0.0.1:25257]
[DEBUG] Using new Channel '[id: 0xd16d4f9e, L:/127.0.0.1:61418 - R:localhost/127.0.0.1:61412]' for 'GET' to '/json/version'
[DEBUG] 

Request DefaultFullHttpRequest(decodeResult: success, version: HTTP/1.1, content: EmptyByteBufBE)
GET /json/version HTTP/1.1
User-Agent: selenium/4.7.2 (java windows)
host: localhost:61412
accept: */*

Response DefaultHttpResponse(decodeResult: success, version: HTTP/1.1)
HTTP/1.1 200 OK
Content-Type: application/json; charset=UTF-8
content-length: 424

[DEBUG] Adding key: http://localhost:61412 for channel [id: 0xd16d4f9e, L:/127.0.0.1:61418 - R:localhost/127.0.0.1:61412]
[DEBUG] Using new Channel '[id: 0xc70cc3fe, L:/127.0.0.1:61419 - R:localhost/127.0.0.1:61412]' for 'GET' to '/devtools/browser/d9f4d864-0ecc-4d7f-a050-5ccce9fb0921'
[DEBUG] 

Request DefaultFullHttpRequest(decodeResult: success, version: HTTP/1.1, content: EmptyByteBufBE)
GET /devtools/browser/d9f4d864-0ecc-4d7f-a050-5ccce9fb0921 HTTP/1.1
upgrade: websocket
connection: upgrade
sec-websocket-key: e3MyrCt/FMDIRGvpMNIBcw==
sec-websocket-version: 13
origin: http://localhost:61412
host: localhost:61412
accept: */*
user-agent: AHC/2.1

Response DefaultHttpResponse(decodeResult: success, version: HTTP/1.1)
HTTP/1.1 101 WebSocket Protocol Handshake
Upgrade: WebSocket
Connection: Upgrade
Sec-WebSocket-Accept: nxfV16cBcHg/GKh9sxEsvHgH4ek=

  Given User launch chrome browser                                          # stepDefinitions.Steps.user_launch_chrome_browser()
[main] INFO  cucumber_project  - Launching Browser
[DEBUG] Using pooled Channel '[id: 0xd25cd88b, L:/127.0.0.1:61411 - R:localhost/127.0.0.1:25257]' for 'POST' to 'http://localhost:25257/session/8892a9f0b5fb772f35fcf75d7d265011/url'
[DEBUG] Using open Channel [id: 0xd25cd88b, L:/127.0.0.1:61411 - R:localhost/127.0.0.1:25257] for POST '/session/8892a9f0b5fb772f35fcf75d7d265011/url'
[DEBUG] Entry count for : http://localhost:61385 : 1
[DEBUG] Entry count for : http://localhost:23161 : 1
[DEBUG] Entry count for : http://localhost:61412 : 1
[DEBUG] Adding Candidate expired Channel [id: 0xdc3f649e, L:/127.0.0.1:61392 ! R:localhost/127.0.0.1:61385] isIdleTimeoutExpired=false isRemotelyClosed=true isTtlExpired=false
[DEBUG] Closing Idle Channel [id: 0xdc3f649e, L:/127.0.0.1:61392 ! R:localhost/127.0.0.1:61385]
[DEBUG] Adding Candidate expired Channel [id: 0x5e928bc3, L:/127.0.0.1:61384 ! R:localhost/127.0.0.1:23161] isIdleTimeoutExpired=false isRemotelyClosed=true isTtlExpired=false
[DEBUG] Closing Idle Channel [id: 0x5e928bc3, L:/127.0.0.1:61384 ! R:localhost/127.0.0.1:23161]
[DEBUG] Closed 2 connections out of 3 in 0 ms
[DEBUG] Entry count for : http://localhost:61412 : 1
[DEBUG] 

Request DefaultHttpRequest(decodeResult: success, version: HTTP/1.1)
POST /session/8892a9f0b5fb772f35fcf75d7d265011/url HTTP/1.1
User-Agent: selenium/4.7.2 (java windows)
Content-Length: 69
Content-Type: application/json; charset=utf-8
host: localhost:25257
accept: */*

Response DefaultHttpResponse(decodeResult: success, version: HTTP/1.1)
HTTP/1.1 200 OK
Content-Type: application/json; charset=utf-8
cache-control: no-cache
content-length: 14

[DEBUG] Adding key: http://localhost:25257 for channel [id: 0xd25cd88b, L:/127.0.0.1:61411 - R:localhost/127.0.0.1:25257]
[DEBUG] Using pooled Channel '[id: 0xd25cd88b, L:/127.0.0.1:61411 - R:localhost/127.0.0.1:25257]' for 'POST' to 'http://localhost:25257/session/8892a9f0b5fb772f35fcf75d7d265011/window/maximize'
[DEBUG] Using open Channel [id: 0xd25cd88b, L:/127.0.0.1:61411 - R:localhost/127.0.0.1:25257] for POST '/session/8892a9f0b5fb772f35fcf75d7d265011/window/maximize'
[DEBUG] 

Request DefaultHttpRequest(decodeResult: success, version: HTTP/1.1)
POST /session/8892a9f0b5fb772f35fcf75d7d265011/window/maximize HTTP/1.1
User-Agent: selenium/4.7.2 (java windows)
Content-Length: 3
Content-Type: application/json; charset=utf-8
host: localhost:25257
accept: */*

Response DefaultHttpResponse(decodeResult: success, version: HTTP/1.1)
HTTP/1.1 200 OK
Content-Type: application/json; charset=utf-8
cache-control: no-cache
content-length: 51

[DEBUG] Adding key: http://localhost:25257 for channel [id: 0xd25cd88b, L:/127.0.0.1:61411 - R:localhost/127.0.0.1:25257]
  When User opens URL "http://admin-demo.nopcommerce.com/login"             # stepDefinitions.Steps.user_opens_url(java.lang.String)
[main] INFO  cucumber_project  - Providing login details
[DEBUG] Using pooled Channel '[id: 0xd25cd88b, L:/127.0.0.1:61411 - R:localhost/127.0.0.1:25257]' for 'POST' to 'http://localhost:25257/session/8892a9f0b5fb772f35fcf75d7d265011/element'
[DEBUG] Using open Channel [id: 0xd25cd88b, L:/127.0.0.1:61411 - R:localhost/127.0.0.1:25257] for POST '/session/8892a9f0b5fb772f35fcf75d7d265011/element'
[DEBUG] 

Request DefaultHttpRequest(decodeResult: success, version: HTTP/1.1)
POST /session/8892a9f0b5fb772f35fcf75d7d265011/element HTTP/1.1
User-Agent: selenium/4.7.2 (java windows)
Content-Length: 59
Content-Type: application/json; charset=utf-8
host: localhost:25257
accept: */*

Response DefaultHttpResponse(decodeResult: success, version: HTTP/1.1)
HTTP/1.1 200 OK
Content-Type: application/json; charset=utf-8
cache-control: no-cache
content-length: 88

[DEBUG] Adding key: http://localhost:25257 for channel [id: 0xd25cd88b, L:/127.0.0.1:61411 - R:localhost/127.0.0.1:25257]
[DEBUG] Using pooled Channel '[id: 0xd25cd88b, L:/127.0.0.1:61411 - R:localhost/127.0.0.1:25257]' for 'POST' to 'http://localhost:25257/session/8892a9f0b5fb772f35fcf75d7d265011/element/f16f260d-fa0e-498f-9ba9-f6fd65888800/clear'
[DEBUG] Using open Channel [id: 0xd25cd88b, L:/127.0.0.1:61411 - R:localhost/127.0.0.1:25257] for POST '/session/8892a9f0b5fb772f35fcf75d7d265011/element/f16f260d-fa0e-498f-9ba9-f6fd65888800/clear'
[DEBUG] 

Request DefaultHttpRequest(decodeResult: success, version: HTTP/1.1)
POST /session/8892a9f0b5fb772f35fcf75d7d265011/element/f16f260d-fa0e-498f-9ba9-f6fd65888800/clear HTTP/1.1
User-Agent: selenium/4.7.2 (java windows)
Content-Length: 50
Content-Type: application/json; charset=utf-8
host: localhost:25257
accept: */*

Response DefaultHttpResponse(decodeResult: success, version: HTTP/1.1)
HTTP/1.1 200 OK
Content-Type: application/json; charset=utf-8
cache-control: no-cache
content-length: 14

[DEBUG] Adding key: http://localhost:25257 for channel [id: 0xd25cd88b, L:/127.0.0.1:61411 - R:localhost/127.0.0.1:25257]
[DEBUG] Using pooled Channel '[id: 0xd25cd88b, L:/127.0.0.1:61411 - R:localhost/127.0.0.1:25257]' for 'POST' to 'http://localhost:25257/session/8892a9f0b5fb772f35fcf75d7d265011/element/f16f260d-fa0e-498f-9ba9-f6fd65888800/value'
[DEBUG] Using open Channel [id: 0xd25cd88b, L:/127.0.0.1:61411 - R:localhost/127.0.0.1:25257] for POST '/session/8892a9f0b5fb772f35fcf75d7d265011/element/f16f260d-fa0e-498f-9ba9-f6fd65888800/value'
[DEBUG] 

Request DefaultHttpRequest(decodeResult: success, version: HTTP/1.1)
POST /session/8892a9f0b5fb772f35fcf75d7d265011/element/f16f260d-fa0e-498f-9ba9-f6fd65888800/value HTTP/1.1
User-Agent: selenium/4.7.2 (java windows)
Content-Length: 281
Content-Type: application/json; charset=utf-8
host: localhost:25257
accept: */*

Response DefaultHttpResponse(decodeResult: success, version: HTTP/1.1)
HTTP/1.1 200 OK
Content-Type: application/json; charset=utf-8
cache-control: no-cache
content-length: 14

[DEBUG] Adding key: http://localhost:25257 for channel [id: 0xd25cd88b, L:/127.0.0.1:61411 - R:localhost/127.0.0.1:25257]
[DEBUG] Using pooled Channel '[id: 0xd25cd88b, L:/127.0.0.1:61411 - R:localhost/127.0.0.1:25257]' for 'POST' to 'http://localhost:25257/session/8892a9f0b5fb772f35fcf75d7d265011/element'
[DEBUG] Using open Channel [id: 0xd25cd88b, L:/127.0.0.1:61411 - R:localhost/127.0.0.1:25257] for POST '/session/8892a9f0b5fb772f35fcf75d7d265011/element'
[DEBUG] 

Request DefaultHttpRequest(decodeResult: success, version: HTTP/1.1)
POST /session/8892a9f0b5fb772f35fcf75d7d265011/element HTTP/1.1
User-Agent: selenium/4.7.2 (java windows)
Content-Length: 62
Content-Type: application/json; charset=utf-8
host: localhost:25257
accept: */*

Response DefaultHttpResponse(decodeResult: success, version: HTTP/1.1)
HTTP/1.1 200 OK
Content-Type: application/json; charset=utf-8
cache-control: no-cache
content-length: 88

[DEBUG] Adding key: http://localhost:25257 for channel [id: 0xd25cd88b, L:/127.0.0.1:61411 - R:localhost/127.0.0.1:25257]
[DEBUG] Using pooled Channel '[id: 0xd25cd88b, L:/127.0.0.1:61411 - R:localhost/127.0.0.1:25257]' for 'POST' to 'http://localhost:25257/session/8892a9f0b5fb772f35fcf75d7d265011/element/fd698a73-df29-4d28-abc6-c2ea303e4d5e/clear'
[DEBUG] Using open Channel [id: 0xd25cd88b, L:/127.0.0.1:61411 - R:localhost/127.0.0.1:25257] for POST '/session/8892a9f0b5fb772f35fcf75d7d265011/element/fd698a73-df29-4d28-abc6-c2ea303e4d5e/clear'
[DEBUG] 

Request DefaultHttpRequest(decodeResult: success, version: HTTP/1.1)
POST /session/8892a9f0b5fb772f35fcf75d7d265011/element/fd698a73-df29-4d28-abc6-c2ea303e4d5e/clear HTTP/1.1
User-Agent: selenium/4.7.2 (java windows)
Content-Length: 50
Content-Type: application/json; charset=utf-8
host: localhost:25257
accept: */*

Response DefaultHttpResponse(decodeResult: success, version: HTTP/1.1)
HTTP/1.1 200 OK
Content-Type: application/json; charset=utf-8
cache-control: no-cache
content-length: 14

[DEBUG] Adding key: http://localhost:25257 for channel [id: 0xd25cd88b, L:/127.0.0.1:61411 - R:localhost/127.0.0.1:25257]
[DEBUG] Using pooled Channel '[id: 0xd25cd88b, L:/127.0.0.1:61411 - R:localhost/127.0.0.1:25257]' for 'POST' to 'http://localhost:25257/session/8892a9f0b5fb772f35fcf75d7d265011/element/fd698a73-df29-4d28-abc6-c2ea303e4d5e/value'
[DEBUG] Using open Channel [id: 0xd25cd88b, L:/127.0.0.1:61411 - R:localhost/127.0.0.1:25257] for POST '/session/8892a9f0b5fb772f35fcf75d7d265011/element/fd698a73-df29-4d28-abc6-c2ea303e4d5e/value'
[DEBUG] 

Request DefaultHttpRequest(decodeResult: success, version: HTTP/1.1)
POST /session/8892a9f0b5fb772f35fcf75d7d265011/element/fd698a73-df29-4d28-abc6-c2ea303e4d5e/value HTTP/1.1
User-Agent: selenium/4.7.2 (java windows)
Content-Length: 141
Content-Type: application/json; charset=utf-8
host: localhost:25257
accept: */*

Response DefaultHttpResponse(decodeResult: success, version: HTTP/1.1)
HTTP/1.1 200 OK
Content-Type: application/json; charset=utf-8
cache-control: no-cache
content-length: 14

[DEBUG] Adding key: http://localhost:25257 for channel [id: 0xd25cd88b, L:/127.0.0.1:61411 - R:localhost/127.0.0.1:25257]
  And User enters emails as "admin1@yourstore.com" and password as "admin1" # stepDefinitions.Steps.user_enters_emails_as_and_password_as(java.lang.String,java.lang.String)
[main] INFO  cucumber_project  - Started login
[DEBUG] Using pooled Channel '[id: 0xd25cd88b, L:/127.0.0.1:61411 - R:localhost/127.0.0.1:25257]' for 'POST' to 'http://localhost:25257/session/8892a9f0b5fb772f35fcf75d7d265011/element'
[DEBUG] Using open Channel [id: 0xd25cd88b, L:/127.0.0.1:61411 - R:localhost/127.0.0.1:25257] for POST '/session/8892a9f0b5fb772f35fcf75d7d265011/element'
[DEBUG] 

Request DefaultHttpRequest(decodeResult: success, version: HTTP/1.1)
POST /session/8892a9f0b5fb772f35fcf75d7d265011/element HTTP/1.1
User-Agent: selenium/4.7.2 (java windows)
Content-Length: 172
Content-Type: application/json; charset=utf-8
host: localhost:25257
accept: */*

Response DefaultHttpResponse(decodeResult: success, version: HTTP/1.1)
HTTP/1.1 200 OK
Content-Type: application/json; charset=utf-8
cache-control: no-cache
content-length: 88

[DEBUG] Adding key: http://localhost:25257 for channel [id: 0xd25cd88b, L:/127.0.0.1:61411 - R:localhost/127.0.0.1:25257]
[DEBUG] Using pooled Channel '[id: 0xd25cd88b, L:/127.0.0.1:61411 - R:localhost/127.0.0.1:25257]' for 'POST' to 'http://localhost:25257/session/8892a9f0b5fb772f35fcf75d7d265011/element/7dc2e94c-2a57-4104-bad8-0fb5bcc5918f/click'
[DEBUG] Using open Channel [id: 0xd25cd88b, L:/127.0.0.1:61411 - R:localhost/127.0.0.1:25257] for POST '/session/8892a9f0b5fb772f35fcf75d7d265011/element/7dc2e94c-2a57-4104-bad8-0fb5bcc5918f/click'
[DEBUG] Entry count for : http://localhost:61412 : 1
[DEBUG] 

Request DefaultHttpRequest(decodeResult: success, version: HTTP/1.1)
POST /session/8892a9f0b5fb772f35fcf75d7d265011/element/7dc2e94c-2a57-4104-bad8-0fb5bcc5918f/click HTTP/1.1
User-Agent: selenium/4.7.2 (java windows)
Content-Length: 50
Content-Type: application/json; charset=utf-8
host: localhost:25257
accept: */*

Response DefaultHttpResponse(decodeResult: success, version: HTTP/1.1)
HTTP/1.1 200 OK
Content-Type: application/json; charset=utf-8
cache-control: no-cache
content-length: 14

[DEBUG] Adding key: http://localhost:25257 for channel [id: 0xd25cd88b, L:/127.0.0.1:61411 - R:localhost/127.0.0.1:25257]
[DEBUG] Entry count for : http://localhost:25257 : 1
[DEBUG] Entry count for : http://localhost:61412 : 1
  And Click on Login                                                        # stepDefinitions.Steps.click_on_login()
[DEBUG] Using pooled Channel '[id: 0xd25cd88b, L:/127.0.0.1:61411 - R:localhost/127.0.0.1:25257]' for 'POST' to 'http://localhost:25257/session/8892a9f0b5fb772f35fcf75d7d265011/execute/sync'
[DEBUG] Using open Channel [id: 0xd25cd88b, L:/127.0.0.1:61411 - R:localhost/127.0.0.1:25257] for POST '/session/8892a9f0b5fb772f35fcf75d7d265011/execute/sync'
[DEBUG] 

Request DefaultHttpRequest(decodeResult: success, version: HTTP/1.1)
POST /session/8892a9f0b5fb772f35fcf75d7d265011/execute/sync HTTP/1.1
User-Agent: selenium/4.7.2 (java windows)
Content-Length: 176
Content-Type: application/json; charset=utf-8
host: localhost:25257
accept: */*

Response DefaultHttpResponse(decodeResult: success, version: HTTP/1.1)
HTTP/1.1 200 OK
Content-Type: application/json; charset=utf-8
cache-control: no-cache
content-length: 4638

[DEBUG] Adding key: http://localhost:25257 for channel [id: 0xd25cd88b, L:/127.0.0.1:61411 - R:localhost/127.0.0.1:25257]
[DEBUG] Using pooled Channel '[id: 0xd25cd88b, L:/127.0.0.1:61411 - R:localhost/127.0.0.1:25257]' for 'DELETE' to 'http://localhost:25257/session/8892a9f0b5fb772f35fcf75d7d265011/window'
[DEBUG] Using open Channel [id: 0xd25cd88b, L:/127.0.0.1:61411 - R:localhost/127.0.0.1:25257] for DELETE '/session/8892a9f0b5fb772f35fcf75d7d265011/window'
[DEBUG] Unexpected I/O exception on channel [id: 0xd16d4f9e, L:/127.0.0.1:61418 - R:localhost/127.0.0.1:61412]
java.net.SocketException: Connection reset
	at java.base/sun.nio.ch.SocketChannelImpl.throwConnectionReset(SocketChannelImpl.java:394) ~[na:na]
	at java.base/sun.nio.ch.SocketChannelImpl.read(SocketChannelImpl.java:426) ~[na:na]
	at io.netty.buffer.PooledByteBuf.setBytes(PooledByteBuf.java:259) ~[netty-buffer-4.1.84.Final.jar:4.1.84.Final]
	at io.netty.buffer.AbstractByteBuf.writeBytes(AbstractByteBuf.java:1132) ~[netty-buffer-4.1.84.Final.jar:4.1.84.Final]
	at io.netty.channel.socket.nio.NioSocketChannel.doReadBytes(NioSocketChannel.java:357) ~[netty-transport-4.1.84.Final.jar:4.1.84.Final]
	at io.netty.channel.nio.AbstractNioByteChannel$NioByteUnsafe.read(AbstractNioByteChannel.java:151) ~[netty-transport-4.1.84.Final.jar:4.1.84.Final]
	at io.netty.channel.nio.NioEventLoop.processSelectedKey(NioEventLoop.java:788) ~[netty-transport-4.1.84.Final.jar:4.1.84.Final]
	at io.netty.channel.nio.NioEventLoop.processSelectedKeysOptimized(NioEventLoop.java:724) ~[netty-transport-4.1.84.Final.jar:4.1.84.Final]
	at io.netty.channel.nio.NioEventLoop.processSelectedKeys(NioEventLoop.java:650) ~[netty-transport-4.1.84.Final.jar:4.1.84.Final]
	at io.netty.channel.nio.NioEventLoop.run(NioEventLoop.java:562) ~[netty-transport-4.1.84.Final.jar:4.1.84.Final]
	at io.netty.util.concurrent.SingleThreadEventExecutor$4.run(SingleThreadEventExecutor.java:997) ~[netty-common-4.1.84.Final.jar:4.1.84.Final]
	at io.netty.util.internal.ThreadExecutorMap$2.run(ThreadExecutorMap.java:74) ~[netty-common-4.1.84.Final.jar:4.1.84.Final]
	at io.netty.util.concurrent.FastThreadLocalRunnable.run(FastThreadLocalRunnable.java:30) ~[netty-common-4.1.84.Final.jar:4.1.84.Final]
	at java.base/java.lang.Thread.run(Thread.java:833) ~[na:na]
[DEBUG] Unexpected I/O exception on channel [id: 0xc70cc3fe, L:/127.0.0.1:61419 - R:localhost/127.0.0.1:61412]
java.net.SocketException: Connection reset
	at java.base/sun.nio.ch.SocketChannelImpl.throwConnectionReset(SocketChannelImpl.java:394) ~[na:na]
	at java.base/sun.nio.ch.SocketChannelImpl.read(SocketChannelImpl.java:426) ~[na:na]
	at io.netty.buffer.PooledByteBuf.setBytes(PooledByteBuf.java:259) ~[netty-buffer-4.1.84.Final.jar:4.1.84.Final]
	at io.netty.buffer.AbstractByteBuf.writeBytes(AbstractByteBuf.java:1132) ~[netty-buffer-4.1.84.Final.jar:4.1.84.Final]
	at io.netty.channel.socket.nio.NioSocketChannel.doReadBytes(NioSocketChannel.java:357) ~[netty-transport-4.1.84.Final.jar:4.1.84.Final]
	at io.netty.channel.nio.AbstractNioByteChannel$NioByteUnsafe.read(AbstractNioByteChannel.java:151) ~[netty-transport-4.1.84.Final.jar:4.1.84.Final]
	at io.netty.channel.nio.NioEventLoop.processSelectedKey(NioEventLoop.java:788) ~[netty-transport-4.1.84.Final.jar:4.1.84.Final]
	at io.netty.channel.nio.NioEventLoop.processSelectedKeysOptimized(NioEventLoop.java:724) ~[netty-transport-4.1.84.Final.jar:4.1.84.Final]
	at io.netty.channel.nio.NioEventLoop.processSelectedKeys(NioEventLoop.java:650) ~[netty-transport-4.1.84.Final.jar:4.1.84.Final]
	at io.netty.channel.nio.NioEventLoop.run(NioEventLoop.java:562) ~[netty-transport-4.1.84.Final.jar:4.1.84.Final]
	at io.netty.util.concurrent.SingleThreadEventExecutor$4.run(SingleThreadEventExecutor.java:997) ~[netty-common-4.1.84.Final.jar:4.1.84.Final]
	at io.netty.util.internal.ThreadExecutorMap$2.run(ThreadExecutorMap.java:74) ~[netty-common-4.1.84.Final.jar:4.1.84.Final]
	at io.netty.util.concurrent.FastThreadLocalRunnable.run(FastThreadLocalRunnable.java:30) ~[netty-common-4.1.84.Final.jar:4.1.84.Final]
	at java.base/java.lang.Thread.run(Thread.java:833) ~[na:na]
[DEBUG] Closing Channel [id: 0xd16d4f9e, L:/127.0.0.1:61418 - R:localhost/127.0.0.1:61412] 
[DEBUG] Channel Closed: [id: 0xd16d4f9e, L:/127.0.0.1:61418 ! R:localhost/127.0.0.1:61412] with attribute DISCARD
[DEBUG] Was unable to recover Future: NettyResponseFuture{currentRetry=0,
	isDone=1,
	isCancelled=0,
	asyncHandler=org.asynchttpclient.ws.WebSocketUpgradeHandler@18d5c2d,
	nettyRequest=org.asynchttpclient.netty.request.NettyRequest@5f456ec3,
	future=java.util.concurrent.CompletableFuture@505813fe[Completed normally],
	uri=ws://localhost:61412/devtools/browser/d9f4d864-0ecc-4d7f-a050-5ccce9fb0921,
	keepAlive=true,
	redirectCount=0,
	timeoutsHolder=null,
	inAuth=0,
	touch=1676579269764}
[DEBUG] Closing Channel [id: 0xc70cc3fe, L:/127.0.0.1:61419 - R:localhost/127.0.0.1:61412] 
[WARN] onError
java.net.SocketException: Connection reset
	at java.base/sun.nio.ch.SocketChannelImpl.throwConnectionReset(SocketChannelImpl.java:394) ~[na:na]
	at java.base/sun.nio.ch.SocketChannelImpl.read(SocketChannelImpl.java:426) ~[na:na]
	at io.netty.buffer.PooledByteBuf.setBytes(PooledByteBuf.java:259) ~[netty-buffer-4.1.84.Final.jar:4.1.84.Final]
	at io.netty.buffer.AbstractByteBuf.writeBytes(AbstractByteBuf.java:1132) ~[netty-buffer-4.1.84.Final.jar:4.1.84.Final]
	at io.netty.channel.socket.nio.NioSocketChannel.doReadBytes(NioSocketChannel.java:357) ~[netty-transport-4.1.84.Final.jar:4.1.84.Final]
	at io.netty.channel.nio.AbstractNioByteChannel$NioByteUnsafe.read(AbstractNioByteChannel.java:151) ~[netty-transport-4.1.84.Final.jar:4.1.84.Final]
	at io.netty.channel.nio.NioEventLoop.processSelectedKey(NioEventLoop.java:788) ~[netty-transport-4.1.84.Final.jar:4.1.84.Final]
	at io.netty.channel.nio.NioEventLoop.processSelectedKeysOptimized(NioEventLoop.java:724) ~[netty-transport-4.1.84.Final.jar:4.1.84.Final]
	at io.netty.channel.nio.NioEventLoop.processSelectedKeys(NioEventLoop.java:650) ~[netty-transport-4.1.84.Final.jar:4.1.84.Final]
	at io.netty.channel.nio.NioEventLoop.run(NioEventLoop.java:562) ~[netty-transport-4.1.84.Final.jar:4.1.84.Final]
	at io.netty.util.concurrent.SingleThreadEventExecutor$4.run(SingleThreadEventExecutor.java:997) ~[netty-common-4.1.84.Final.jar:4.1.84.Final]
	at io.netty.util.internal.ThreadExecutorMap$2.run(ThreadExecutorMap.java:74) ~[netty-common-4.1.84.Final.jar:4.1.84.Final]
	at io.netty.util.concurrent.FastThreadLocalRunnable.run(FastThreadLocalRunnable.java:30) ~[netty-common-4.1.84.Final.jar:4.1.84.Final]
	at java.base/java.lang.Thread.run(Thread.java:833) ~[na:na]
[DEBUG] Closing Channel [id: 0xc70cc3fe, L:/127.0.0.1:61419 ! R:localhost/127.0.0.1:61412] 
[DEBUG] Channel Closed: [id: 0xc70cc3fe, L:/127.0.0.1:61419 ! R:localhost/127.0.0.1:61412] with attribute DISCARD
[DEBUG] 

Request DefaultFullHttpRequest(decodeResult: success, version: HTTP/1.1, content: EmptyByteBufBE)
DELETE /session/8892a9f0b5fb772f35fcf75d7d265011/window HTTP/1.1
User-Agent: selenium/4.7.2 (java windows)
Content-Type: application/json; charset=utf-8
host: localhost:25257
accept: */*

Response DefaultHttpResponse(decodeResult: success, version: HTTP/1.1)
HTTP/1.1 200 OK
Content-Type: application/json; charset=utf-8
cache-control: no-cache
content-length: 12

[DEBUG] Adding key: http://localhost:25257 for channel [id: 0xd25cd88b, L:/127.0.0.1:61411 - R:localhost/127.0.0.1:25257]
  Then Page title should be "Dashboard / nopCommerce administration"        # stepDefinitions.Steps.page_title_should_be(java.lang.String)
      java.lang.AssertionError
	at org.junit.Assert.fail(Assert.java:86)
	at org.junit.Assert.assertTrue(Assert.java:41)
	at org.junit.Assert.assertTrue(Assert.java:52)
	at stepDefinitions.Steps.page_title_should_be(Steps.java:92)
	at âœ½.Page title should be "Dashboard / nopCommerce administration"(file:///C:/Users/snasa/eclipse-workspace/cucumber_project/./Features/Login.feature:9)

  When User click on log out link                                           # stepDefinitions.Steps.user_click_on_log_out_link()
  Then Page title should be "Your store. Login"                             # stepDefinitions.Steps.page_title_should_be(java.lang.String)
  And close browser                                                         # stepDefinitions.Steps.close_browser()
]]></system-out>
    <system-err><![CDATA[Starting ChromeDriver 109.0.5414.74 (e7c5703604daa9cc128ccf5a5d3e993513758913-refs/branch-heads/5414@{#1172}) on port 25257
Only local connections are allowed.
Please see https://chromedriver.chromium.org/security-considerations for suggestions on keeping ChromeDriver safe.
ChromeDriver was started successfully.
Feb 17, 2023 1:57:46 AM org.openqa.selenium.devtools.CdpVersionFinder findNearestMatch
WARNING: Unable to find an exact match for CDP version 109, so returning the closest version found: 108
Feb 17, 2023 1:57:49 AM org.openqa.selenium.remote.http.WebSocket$Listener onError
WARNING: Connection reset
java.net.SocketException: Connection reset
	at java.base/sun.nio.ch.SocketChannelImpl.throwConnectionReset(SocketChannelImpl.java:394)
	at java.base/sun.nio.ch.SocketChannelImpl.read(SocketChannelImpl.java:426)
	at io.netty.buffer.PooledByteBuf.setBytes(PooledByteBuf.java:259)
	at io.netty.buffer.AbstractByteBuf.writeBytes(AbstractByteBuf.java:1132)
	at io.netty.channel.socket.nio.NioSocketChannel.doReadBytes(NioSocketChannel.java:357)
	at io.netty.channel.nio.AbstractNioByteChannel$NioByteUnsafe.read(AbstractNioByteChannel.java:151)
	at io.netty.channel.nio.NioEventLoop.processSelectedKey(NioEventLoop.java:788)
	at io.netty.channel.nio.NioEventLoop.processSelectedKeysOptimized(NioEventLoop.java:724)
	at io.netty.channel.nio.NioEventLoop.processSelectedKeys(NioEventLoop.java:650)
	at io.netty.channel.nio.NioEventLoop.run(NioEventLoop.java:562)
	at io.netty.util.concurrent.SingleThreadEventExecutor$4.run(SingleThreadEventExecutor.java:997)
	at io.netty.util.internal.ThreadExecutorMap$2.run(ThreadExecutorMap.java:74)
	at io.netty.util.concurrent.FastThreadLocalRunnable.run(FastThreadLocalRunnable.java:30)
	at java.base/java.lang.Thread.run(Thread.java:833)

]]></system-err>
  </testcase>
</testsuite>